<?xml version="1.0" encoding="UTF-8"?>
<!-- Generated by org.testng.reporters.JUnitReportReporter -->
<testsuite hostname="LAPTOP-5JS6H788" failures="0" tests="1" name="testLayer.TC_01" time="8.886" errors="0" timestamp="2023-05-31T23:10:41 IST" skipped="0">
  <testcase classname="testLayer.TC_01" name="test01" time="8.886"/>
  <system-out/>
</testsuite> <!-- testLayer.TC_01 -->
